1595002908246:help
1595002914760:Get joke
1595002943988:joke
1595003024687:help
1595003027811:joke
1595004273812:help
1595004278732:joke
1595004291276:exit
1595004721573:help
1595004725994:joke
1595005271532:help
1595005275312:joke
1595005277671:r
1595005558576:help
1595005562278:joke
1595006435252:help
1595006438986:joke
1595006923830:help
1595006928344:joke
1595065453593:re
1595066884749:joke
1595069961036:save
1595069967065:help
1595069972836:show
1595070018286:joke
1595070037488:save
1595070118327:help
1595070130565:save
1595070136400:joke
1595070281534:save
1595070487584:joke
1595070492783:save
1595070794854:joke
1595070798140:save
1595070981887:joke
1595070985477:save
1595071445201:joke
1595071448883:save
1595071502995:show
1595071521828:help
1595071527639:show
1595071608675:joke
1595071612626:save
1595071668281:joke
1595071671922:save
1595071696992:show
1595071702044:joke
1595071722886:save
1595072127551:joke
1595072133206:show
1595072138491:save
1595072491930:joke
1595072495955:save
1595072504458:show
1595072595355:joke
1595072599948:save
1595072602692:joke
1595072608664:save
1595072610982:joke
1595072613137:save
1595072620193:show
1595102258435:help
1595102272367:joke
1595102333617:save
1595102337599:joke
1595102342658:save
1595102346476:help
1595102350617:show
1595318815329:joke
1595320244252:help
1595320545968:joke
